<?xml version="1.0" encoding="UTF-8"?>
<!-- Generated by org.testng.reporters.JUnitXMLReporter -->
<testsuite hostname="DESKTOP-4P7TJIU" failures="0" tests="5" name="Test" time="17.284" errors="0" timestamp="16 Mar 2022 16:47:05 GMT">
  <testcase classname="RestTesting.Trello" name="createBoard" time="8.625"/>
  <testcase classname="RestTesting.Ecommers" name="Login" time="4.205"/>
  <testcase classname="RestTesting.Trello" name="getBoard" time="0.727"/>
  <testcase classname="RestTesting.Ecommers" name="Getallusers" time="2.853"/>
  <testcase classname="RestTesting.Trello" name="DeleteBoard" time="0.833"/>
</testsuite> <!-- Test -->
