<?xml version="1.0" encoding="UTF-8"?>
<testng-results total="5" passed="5" failed="0" skipped="0">
  <reporter-output>
  </reporter-output>
  <suite started-at="2022-03-16T16:46:48Z" name="Suite" finished-at="2022-03-16T16:47:05Z" duration-ms="17284">
    <groups>
    </groups>
    <test started-at="2022-03-16T16:46:48Z" name="Test" finished-at="2022-03-16T16:47:05Z" duration-ms="17284">
      <class name="RestTesting.Ecommers">
        <test-method signature="Login()[pri:1, instance:RestTesting.Ecommers@13d4992d]" started-at="2022-03-16T22:16:57Z" name="Login" finished-at="2022-03-16T22:17:01Z" duration-ms="4205" status="PASS">
          <reporter-output>
          </reporter-output>
        </test-method> <!-- Login -->
        <test-method signature="Getallusers()[pri:2, instance:RestTesting.Ecommers@13d4992d]" started-at="2022-03-16T22:17:02Z" name="Getallusers" finished-at="2022-03-16T22:17:05Z" duration-ms="2853" status="PASS">
          <reporter-output>
          </reporter-output>
        </test-method> <!-- Getallusers -->
      </class> <!-- RestTesting.Ecommers -->
      <class name="RestTesting.Trello">
        <test-method signature="createBoard()[pri:0, instance:RestTesting.Trello@4278284b]" started-at="2022-03-16T22:16:48Z" name="createBoard" finished-at="2022-03-16T22:16:57Z" duration-ms="8625" status="PASS">
          <reporter-output>
          </reporter-output>
        </test-method> <!-- createBoard -->
        <test-method signature="getBoard()[pri:1, instance:RestTesting.Trello@4278284b]" started-at="2022-03-16T22:17:01Z" name="getBoard" finished-at="2022-03-16T22:17:02Z" duration-ms="727" status="PASS">
          <reporter-output>
          </reporter-output>
        </test-method> <!-- getBoard -->
        <test-method signature="DeleteBoard()[pri:2, instance:RestTesting.Trello@4278284b]" started-at="2022-03-16T22:17:05Z" name="DeleteBoard" finished-at="2022-03-16T22:17:05Z" duration-ms="833" status="PASS">
          <reporter-output>
          </reporter-output>
        </test-method> <!-- DeleteBoard -->
      </class> <!-- RestTesting.Trello -->
    </test> <!-- Test -->
  </suite> <!-- Suite -->
</testng-results>
