<?xml version="1.0" encoding="UTF-8"?>
<testng-results skipped="0" failed="0" total="5" passed="5">
  <reporter-output>
  </reporter-output>
  <suite name="Suite" duration-ms="17942" started-at="2022-03-16T16:56:44Z" finished-at="2022-03-16T16:57:02Z">
    <groups>
    </groups>
    <test name="Test" duration-ms="17942" started-at="2022-03-16T16:56:44Z" finished-at="2022-03-16T16:57:02Z">
      <class name="RestTesting.Ecommers">
        <test-method status="PASS" signature="Login()[pri:1, instance:RestTesting.Ecommers@28c4711c]" name="Login" duration-ms="4564" started-at="2022-03-16T22:26:53Z" finished-at="2022-03-16T22:26:57Z">
          <reporter-output>
          </reporter-output>
        </test-method> <!-- Login -->
        <test-method status="PASS" signature="Getallusers()[pri:2, instance:RestTesting.Ecommers@28c4711c]" name="Getallusers" duration-ms="2754" started-at="2022-03-16T22:26:58Z" finished-at="2022-03-16T22:27:01Z">
          <reporter-output>
          </reporter-output>
        </test-method> <!-- Getallusers -->
      </class> <!-- RestTesting.Ecommers -->
      <class name="RestTesting.Trello">
        <test-method status="PASS" signature="createBoard()[pri:0, instance:RestTesting.Trello@1e9e725a]" name="createBoard" duration-ms="8067" started-at="2022-03-16T22:26:44Z" finished-at="2022-03-16T22:26:53Z">
          <reporter-output>
          </reporter-output>
        </test-method> <!-- createBoard -->
        <test-method status="PASS" signature="getBoard()[pri:1, instance:RestTesting.Trello@1e9e725a]" name="getBoard" duration-ms="805" started-at="2022-03-16T22:26:57Z" finished-at="2022-03-16T22:26:58Z">
          <reporter-output>
          </reporter-output>
        </test-method> <!-- getBoard -->
        <test-method status="PASS" signature="DeleteBoard()[pri:2, instance:RestTesting.Trello@1e9e725a]" name="DeleteBoard" duration-ms="1720" started-at="2022-03-16T22:27:01Z" finished-at="2022-03-16T22:27:02Z">
          <reporter-output>
          </reporter-output>
        </test-method> <!-- DeleteBoard -->
      </class> <!-- RestTesting.Trello -->
    </test> <!-- Test -->
  </suite> <!-- Suite -->
</testng-results>
