<?xml version="1.0" encoding="UTF-8"?>
<!-- Generated by org.testng.reporters.JUnitXMLReporter -->
<testsuite hostname="DESKTOP-4P7TJIU" name="Test" tests="5" failures="0" timestamp="16 Mar 2022 16:57:02 GMT" time="17.942" errors="0">
  <testcase name="createBoard" time="8.067" classname="RestTesting.Trello"/>
  <testcase name="Login" time="4.564" classname="RestTesting.Ecommers"/>
  <testcase name="getBoard" time="0.805" classname="RestTesting.Trello"/>
  <testcase name="Getallusers" time="2.754" classname="RestTesting.Ecommers"/>
  <testcase name="DeleteBoard" time="1.72" classname="RestTesting.Trello"/>
</testsuite> <!-- Test -->
